<?xml version="1.0" encoding="UTF-8"?>
<testng-results skipped="0" failed="0" ignored="0" total="2" passed="2">
  <reporter-output>
  </reporter-output>
  <suite name="Default suite" duration-ms="32182" started-at="2020-08-18T12:22:20 IST" finished-at="2020-08-18T12:22:53 IST">
    <groups>
    </groups>
    <test name="Default test" duration-ms="32182" started-at="2020-08-18T12:22:20 IST" finished-at="2020-08-18T12:22:53 IST">
      <class name="scripts.TC02">
        <test-method status="PASS" signature="report()[pri:0, instance:scripts.TC02@33f88ab]" name="report" is-config="true" duration-ms="173" started-at="2020-08-18T12:22:20 IST" finished-at="2020-08-18T12:22:21 IST">
          <reporter-output>
          </reporter-output>
        </test-method> <!-- report -->
        <test-method status="PASS" signature="beforeClass()[pri:0, instance:scripts.TC02@33f88ab]" name="beforeClass" is-config="true" duration-ms="11360" started-at="2020-08-18T12:22:21 IST" finished-at="2020-08-18T12:22:32 IST">
          <reporter-output>
          </reporter-output>
        </test-method> <!-- beforeClass -->
        <test-method status="PASS" signature="method(java.lang.reflect.Method)[pri:0, instance:scripts.TC02@33f88ab]" name="method" is-config="true" duration-ms="19" started-at="2020-08-18T12:22:32 IST" finished-at="2020-08-18T12:22:32 IST">
          <params>
            <param index="0">
              <value>
                <![CDATA[public void scripts.TC02.testLogin() throws java.lang.Exception]]>
              </value>
            </param>
          </params>
          <reporter-output>
          </reporter-output>
        </test-method> <!-- method -->
        <test-method status="PASS" signature="testLogin()[pri:0, instance:scripts.TC02@33f88ab]" name="testLogin" duration-ms="18653" started-at="2020-08-18T12:22:32 IST" finished-at="2020-08-18T12:22:51 IST">
          <reporter-output>
          </reporter-output>
        </test-method> <!-- testLogin -->
        <test-method status="PASS" signature="method(java.lang.reflect.Method)[pri:0, instance:scripts.TC02@33f88ab]" name="method" is-config="true" duration-ms="1" started-at="2020-08-18T12:22:51 IST" finished-at="2020-08-18T12:22:51 IST">
          <params>
            <param index="0">
              <value>
                <![CDATA[public void scripts.TC02.testLogout() throws java.lang.Exception]]>
              </value>
            </param>
          </params>
          <reporter-output>
          </reporter-output>
        </test-method> <!-- method -->
        <test-method status="PASS" signature="testLogout()[pri:0, instance:scripts.TC02@33f88ab]" name="testLogout" duration-ms="236" started-at="2020-08-18T12:22:51 IST" finished-at="2020-08-18T12:22:51 IST">
          <reporter-output>
          </reporter-output>
        </test-method> <!-- testLogout -->
        <test-method status="PASS" signature="afterClass()[pri:0, instance:scripts.TC02@33f88ab]" name="afterClass" is-config="true" duration-ms="1677" started-at="2020-08-18T12:22:51 IST" finished-at="2020-08-18T12:22:53 IST">
          <reporter-output>
          </reporter-output>
        </test-method> <!-- afterClass -->
      </class> <!-- scripts.TC02 -->
    </test> <!-- Default test -->
  </suite> <!-- Default suite -->
</testng-results>
